{"uuid":"1f02a25c-a843-40fb-8e6c-c75c096a55c8","historyId":"a7a66a81f883d07b7daa1e70cdc2efca","fullName":"tests.CastlightHealthTest.testHealthAssessmentWorkflow","labels":[{"name":"package","value":"tests.CastlightHealthTest"},{"name":"testClass","value":"tests.CastlightHealthTest"},{"name":"testMethod","value":"testHealthAssessmentWorkflow"},{"name":"parentSuite","value":"Default Suite"},{"name":"suite","value":"TestNGTest-86f9a5dd-9618-4f71-8f4f-fc2c69abd913"},{"name":"subSuite","value":"tests.CastlightHealthTest"},{"name":"host","value":"Vennas-MacBook-Pro.local"},{"name":"thread","value":"35214@Vennas-MacBook-Pro.local.main(1)"},{"name":"framework","value":"testng"},{"name":"language","value":"java"}],"links":[],"name":"testHealthAssessmentWorkflow","status":"broken","statusDetails":{"known":false,"muted":false,"flaky":false,"message":"Expected condition failed: waiting for presence of element located by: By.id: username (tried for 10 second(s) with 500 milliseconds interval)","trace":"org.openqa.selenium.TimeoutException: Expected condition failed: waiting for presence of element located by: By.id: username (tried for 10 second(s) with 500 milliseconds interval)\n\tat org.openqa.selenium.support.ui.WebDriverWait.timeoutException(WebDriverWait.java:84)\n\tat org.openqa.selenium.support.ui.FluentWait.until(FluentWait.java:228)\n\tat pages.BasePage.waitForElement(BasePage.java:23)\n\tat pages.CastlightLoginPage.login(CastlightLoginPage.java:22)\n\tat tests.CastlightHealthTest.testHealthAssessmentWorkflow(CastlightHealthTest.java:20)\n\tat java.base/jdk.internal.reflect.DirectMethodHandleAccessor.invoke(DirectMethodHandleAccessor.java:103)\n\tat java.base/java.lang.reflect.Method.invoke(Method.java:580)\n\tat org.testng.internal.invokers.MethodInvocationHelper.invokeMethod(MethodInvocationHelper.java:141)\n\tat org.testng.internal.invokers.TestInvoker.invokeMethod(TestInvoker.java:686)\n\tat org.testng.internal.invokers.TestInvoker.invokeTestMethod(TestInvoker.java:230)\n\tat org.testng.internal.invokers.MethodRunner.runInSequence(MethodRunner.java:63)\n\tat org.testng.internal.invokers.TestInvoker$MethodInvocationAgent.invoke(TestInvoker.java:992)\n\tat org.testng.internal.invokers.TestInvoker.invokeTestMethods(TestInvoker.java:203)\n\tat org.testng.internal.invokers.TestMethodWorker.invokeTestMethods(TestMethodWorker.java:154)\n\tat org.testng.internal.invokers.TestMethodWorker.run(TestMethodWorker.java:134)\n\tat java.base/java.util.ArrayList.forEach(ArrayList.java:1596)\n\tat org.testng.TestRunner.privateRun(TestRunner.java:739)\n\tat org.testng.TestRunner.run(TestRunner.java:614)\n\tat org.testng.SuiteRunner.runTest(SuiteRunner.java:421)\n\tat org.testng.SuiteRunner.runSequentially(SuiteRunner.java:413)\n\tat org.testng.SuiteRunner.privateRun(SuiteRunner.java:373)\n\tat org.testng.SuiteRunner.run(SuiteRunner.java:312)\n\tat org.testng.SuiteRunnerWorker.runSuite(SuiteRunnerWorker.java:52)\n\tat org.testng.SuiteRunnerWorker.run(SuiteRunnerWorker.java:95)\n\tat org.testng.TestNG.runSuitesSequentially(TestNG.java:1274)\n\tat org.testng.TestNG.runSuitesLocally(TestNG.java:1208)\n\tat org.testng.TestNG.runSuites(TestNG.java:1112)\n\tat org.testng.TestNG.run(TestNG.java:1079)\n\tat com.microsoft.java.test.runner.testng.TestNGRunner.run(TestNGRunner.java:45)\n\tat com.microsoft.java.test.runner.testng.TestNGLauncher.execute(TestNGLauncher.java:32)\n\tat com.microsoft.java.test.runner.Launcher.main(Launcher.java:57)\nCaused by: org.openqa.selenium.NoSuchElementException: no such element: Unable to locate element: {\"method\":\"css selector\",\"selector\":\"#username\"}\n  (Session info: chrome=141.0.7390.123)\nFor documentation on this error, please visit: https://www.selenium.dev/documentation/webdriver/troubleshooting/errors#no-such-element-exception\nBuild info: version: '4.25.0', revision: '8a8aea2337'\nSystem info: os.name: 'Mac OS X', os.arch: 'aarch64', os.version: '15.5', java.version: '21.0.9'\nDriver info: org.openqa.selenium.chrome.ChromeDriver\nCommand: [6b136f2f82852bc1ae9e99fed17fb93a, findElement {using=id, value=username}]\nCapabilities {acceptInsecureCerts: false, browserName: chrome, browserVersion: 141.0.7390.123, chrome: {chromedriverVersion: 141.0.7390.122 (b477534e7e1..., userDataDir: /var/folders/4w/m4z84w5x33j...}, fedcm:accounts: true, goog:chromeOptions: {debuggerAddress: localhost:59799}, networkConnectionEnabled: false, pageLoadStrategy: normal, platformName: mac, proxy: Proxy(), se:cdp: ws://localhost:59799/devtoo..., se:cdpVersion: 141.0.7390.123, setWindowRect: true, strictFileInteractability: false, timeouts: {implicit: 0, pageLoad: 300000, script: 30000}, unhandledPromptBehavior: dismiss and notify, webauthn:extension:credBlob: true, webauthn:extension:largeBlob: true, webauthn:extension:minPinLength: true, webauthn:extension:prf: true, webauthn:virtualAuthenticators: true}\nSession ID: 6b136f2f82852bc1ae9e99fed17fb93a\n\tat java.base/jdk.internal.reflect.DirectConstructorHandleAccessor.newInstance(DirectConstructorHandleAccessor.java:62)\n\tat java.base/java.lang.reflect.Constructor.newInstanceWithCaller(Constructor.java:502)\n\tat java.base/java.lang.reflect.Constructor.newInstance(Constructor.java:486)\n\tat org.openqa.selenium.remote.ErrorCodec.decode(ErrorCodec.java:167)\n\tat org.openqa.selenium.remote.codec.w3c.W3CHttpResponseCodec.decode(W3CHttpResponseCodec.java:138)\n\tat org.openqa.selenium.remote.codec.w3c.W3CHttpResponseCodec.decode(W3CHttpResponseCodec.java:50)\n\tat org.openqa.selenium.remote.HttpCommandExecutor.execute(HttpCommandExecutor.java:190)\n\tat org.openqa.selenium.remote.service.DriverCommandExecutor.invokeExecute(DriverCommandExecutor.java:216)\n\tat org.openqa.selenium.remote.service.DriverCommandExecutor.execute(DriverCommandExecutor.java:174)\n\tat org.openqa.selenium.remote.RemoteWebDriver.execute(RemoteWebDriver.java:545)\n\tat org.openqa.selenium.remote.ElementLocation$ElementFinder$2.findElement(ElementLocation.java:165)\n\tat org.openqa.selenium.remote.ElementLocation.findElement(ElementLocation.java:59)\n\tat org.openqa.selenium.remote.RemoteWebDriver.findElement(RemoteWebDriver.java:368)\n\tat org.openqa.selenium.remote.RemoteWebDriver.findElement(RemoteWebDriver.java:362)\n\tat org.openqa.selenium.support.ui.ExpectedConditions$6.apply(ExpectedConditions.java:171)\n\tat org.openqa.selenium.support.ui.ExpectedConditions$6.apply(ExpectedConditions.java:168)\n\tat org.openqa.selenium.support.ui.FluentWait.until(FluentWait.java:203)\n\t... 29 more\n"},"stage":"finished","steps":[],"attachments":[],"parameters":[],"start":1761232130832,"stop":1761232141828}